<?xml version="1.0" encoding="UTF-8"?>
<testng-results skipped="0" failed="0" total="1" passed="1">
  <reporter-output>
  </reporter-output>
  <suite name="Demo Check" duration-ms="7165" started-at="2018-03-21T08:11:29Z" finished-at="2018-03-21T08:11:36Z">
    <groups>
    </groups>
    <test name="Test Application Test" duration-ms="7165" started-at="2018-03-21T08:11:29Z" finished-at="2018-03-21T08:11:36Z">
      <class name="demo.Ex">
        <test-method status="PASS" signature="check()[pri:0, instance:demo.Ex@7bfcd12c]" name="check" duration-ms="7151" started-at="2018-03-21T13:41:29Z" finished-at="2018-03-21T13:41:36Z">
          <reporter-output>
          </reporter-output>
        </test-method> <!-- check -->
      </class> <!-- demo.Ex -->
    </test> <!-- Test Application Test -->
  </suite> <!-- Demo Check -->
</testng-results>
